# JRE version: OpenJDK Runtime Environment AdoptOpenJDK (11.0.9.1+1) (build 11.0.9.1+1)
# Java VM: OpenJDK 64-Bit Server VM AdoptOpenJDK (11.0.9.1+1, mixed mode, tiered, compressed oops, g1 gc, windows-amd64)
Heap:
 garbage-first heap   total 157696K, used 10553K [0x0000000081e00000, 0x0000000100000000)
  region size 1024K, 5 young (5120K), 5 survivors (5120K)
 Metaspace       used 25987K, capacity 26598K, committed 26880K, reserved 1073152K
  class space    used 2998K, capacity 3242K, committed 3328K, reserved 1048576K
GC Heap History (11 events):
Event: 0.680 GC heap before
{Heap before GC invocations=0 (full 0):
 garbage-first heap   total 131072K, used 14336K [0x0000000081e00000, 0x0000000100000000)
  region size 1024K, 14 young (14336K), 0 survivors (0K)
 Metaspace       used 9164K, capacity 9318K, committed 9344K, reserved 1058816K
  class space    used 830K, capacity 870K, committed 896K, reserved 1048576K
}
Event: 0.684 GC heap after
{Heap after GC invocations=1 (full 0):
 garbage-first heap   total 131072K, used 5756K [0x0000000081e00000, 0x0000000100000000)
  region size 1024K, 2 young (2048K), 2 survivors (2048K)
 Metaspace       used 9164K, capacity 9318K, committed 9344K, reserved 1058816K
  class space    used 830K, capacity 870K, committed 896K, reserved 1048576K
}
Event: 0.816 GC heap before
{Heap before GC invocations=1 (full 0):
 garbage-first heap   total 131072K, used 14972K [0x0000000081e00000, 0x0000000100000000)
  region size 1024K, 11 young (11264K), 2 survivors (2048K)
 Metaspace       used 11186K, capacity 11412K, committed 11648K, reserved 1060864K
  class space    used 1088K, capacity 1146K, committed 1152K, reserved 1048576K
}
Event: 0.819 GC heap after
{Heap after GC invocations=2 (full 0):
 garbage-first heap   total 131072K, used 6554K [0x0000000081e00000, 0x0000000100000000)
  region size 1024K, 1 young (1024K), 1 survivors (1024K)
 Metaspace       used 11186K, capacity 11412K, committed 11648K, reserved 1060864K
  class space    used 1088K, capacity 1146K, committed 1152K, reserved 1048576K
}
Event: 0.833 GC heap before
{Heap before GC invocations=2 (full 0):
 garbage-first heap   total 131072K, used 33178K [0x0000000081e00000, 0x0000000100000000)
  region size 1024K, 28 young (28672K), 1 survivors (1024K)
 Metaspace       used 11186K, capacity 11412K, committed 11648K, reserved 1060864K
  class space    used 1088K, capacity 1146K, committed 1152K, reserved 1048576K
}
Event: 0.834 GC heap after
{Heap after GC invocations=3 (full 0):
 garbage-first heap   total 131072K, used 6542K [0x0000000081e00000, 0x0000000100000000)
  region size 1024K, 1 young (1024K), 1 survivors (1024K)
 Metaspace       used 11186K, capacity 11412K, committed 11648K, reserved 1060864K
  class space    used 1088K, capacity 1146K, committed 1152K, reserved 1048576K
}
Event: 1.378 GC heap before
{Heap before GC invocations=3 (full 0):
 garbage-first heap   total 131072K, used 49550K [0x0000000081e00000, 0x0000000100000000)
  region size 1024K, 44 young (45056K), 1 survivors (1024K)
 Metaspace       used 18233K, capacity 18779K, committed 18944K, reserved 1067008K
  class space    used 1989K, capacity 2193K, committed 2304K, reserved 1048576K
}
Event: 1.381 GC heap after
{Heap after GC invocations=4 (full 0):
 garbage-first heap   total 131072K, used 8121K [0x0000000081e00000, 0x0000000100000000)
  region size 1024K, 3 young (3072K), 3 survivors (3072K)
 Metaspace       used 18233K, capacity 18779K, committed 18944K, reserved 1067008K
  class space    used 1989K, capacity 2193K, committed 2304K, reserved 1048576K
}
Event: 1.550 GC heap before
{Heap before GC invocations=4 (full 0):
 garbage-first heap   total 131072K, used 21433K [0x0000000081e00000, 0x0000000100000000)
  region size 1024K, 17 young (17408K), 3 survivors (3072K)
 Metaspace       used 20523K, capacity 21095K, committed 21248K, reserved 1069056K
  class space    used 2375K, capacity 2556K, committed 2560K, reserved 1048576K
}
Event: 1.553 GC heap after
{Heap after GC invocations=5 (full 0):
 garbage-first heap   total 131072K, used 8787K [0x0000000081e00000, 0x0000000100000000)
  region size 1024K, 3 young (3072K), 3 survivors (3072K)
 Metaspace       used 20523K, capacity 21095K, committed 21248K, reserved 1069056K
  class space    used 2375K, capacity 2556K, committed 2560K, reserved 1048576K
}
Event: 2.258 GC heap before
{Heap before GC invocations=6 (full 0):
 garbage-first heap   total 131072K, used 77395K [0x0000000081e00000, 0x0000000100000000)
  region size 1024K, 71 young (72704K), 3 survivors (3072K)
 Metaspace       used 25987K, capacity 26598K, committed 26880K, reserved 1073152K
  class space    used 2998K, capacity 3242K, committed 3328K, reserved 1048576K
}

